0
5
14
3
0
2
0
13
16
0
0
1
0
3
35
12
4
0
42
12
3
15
0
0
0
9
0
0
0
40
0
0
0
0
2
4
7
0
0
18
4
0
0
0
0
7
0
0
0
0
0
0
0
0
0
0
0
0
188
9
359
40
57
0
28
0
24
0
119
0
122
158
0
0
5
3
0
0
192
0
0
346
0
0
0
0
8
82
596
687
0
0
710
91
0
0
1086
13
371
1778
7
0
0
0
105
0
0
0
1362
0
63
13
615
36
123
0
0
96
1118
0
0
0
44
0
0
0
0
932
0
3531
0
121
0
1104
608
621
171
190
78
0
4
1790
0
6
18
0
0
75
0
53
512
0
3050
35
0
0
594
0
0
0
5
0
833
0
707
0
2003
0
8
782
3790
439
51
238
95
381
0
0
198
0
0
0
0
519
619
0
14
0
27
906
56
118
12
80
515
0
58
0
0
1211
24
403
165
0
0
138
0
442
26
0
152
616
2482
31
13
0
807
0
0
0
357
0
0
0
583
271
9
2
2
2711
10
113
0
0
0
0
0
3
560
0
667
70
78
11
0
0
0
252
9
0
2388
0
0
793
0
0
2429
361
192
100
0
1106
0
706
96
0
0
0
287
342
476
4
134
0
1075
0
1710
222
0
281
0
254
300
533
208
161
660
0
16
0
29
4
100
1434
0
25
578
6
792
643
0
1551
46
0
0
0
597
270
0
138
59
175
0
0
165
0
187
1722
0
83
0
159
1044
60
0
0
88
1147
24
1260
0
0
20
0
146
129
1713
0
113
209
0
800
0
231
52
529
822
0
0
87
764
0
0
0
0
637
0
275
0
0
263
773
0
1265
0
3
10
2061
0
0
31
2255
61
0
0
39
636
874
0
0
0
0
0
190
962
17
0
0
0
119
0
0
47
59
0
0
0
0
0
1072
393
0
550
51
511
271
1430
2031
0
14
20
1093
7
73
237
1
118
19
0
0
0
56
55
0
2
1187
1835
0
0
0
23
0
0
2444
84
6
139
0
615
295
17
340
0
34
348
0
0
0
1012
0
0
552
0
984
44
0
0
3
0
36
0
22
0
929
0
330
29
0
1556
0
236
0
530
0
637
206
0
848
39
0
0
0
0
2184
0
0
7
0
35
2439
8
0
0
31
0
1728
0
148
1018
1035
272
67
4
0
174
19
0
0
0
0
48
0
3109
0
0
0
0
441
0
1150
0
1374
133
449
100
0
0
7
36
486
6
1702
547
0
0
0
23
1669
305
0
0
83
74
0
49
0
107
0
0
0
0
973
1520
534
0
146
196
464
113
0
0
0
0
0
46
485
452
0
13
0
10
0
0
0
0
0
469
0
211
21
0
0
13
189
179
0
0
269
624
425
36
1817
0
0
288
0
2720
0
0
34
1439
0
1129
95
0
0
581
130
756
1847
17
832
321
0
0
319
0
1307
0
37
0
0
623
1
0
1
406
2137
108
2372
69
0
0
418
68
0
2190
0
54
1
604
494
8
37
0
214
195
46
0
393
25
538
2159
498
519
30
0
591
394
125
0
944
519
0
205
0
0
653
27
55
4
41
122
19
507
229
341
4386
0
1018
26
0
0
0
0
182
251
0
26
0
0
4
412
0
0
170
0
9
49
1292
182
0
0
1544
0
0
0
678
0
0
1170
0
0
80
1919
265
998
0
502
182
3440
176
181
287
1819
0
0
0
202
0
106
354
0
3
633
2734
3
734
30
59
0
0
0
269
1814
2534
0
33
42
0
0
17
0
0
2134
355
766
0
0
1619
0
228
178
0
0
22
668
1115
0
0
0
2008
0
0
83
1392
0
0
1490
10
0
0
1721
0
95
0
0
0
0
0
0
886
40
493
273
0
3
226
413
166
251
0
0
140
1079
577
5
3
642
0
385
0
0
1913
0
935
0
1921
685
84
665
876
0
592
1685
0
51
13
42
1196
551
0
471
11
0
954
169
0
49
1926
0
117
0
0
736
1988
0
78
810
70
542
61
25
145
572
201
390
118
603
8
17
225
417
0
5
0
0
24
740
917
1894
183
0
409
0
0
201
0
0
275
0
691
0
15
29
336
0
0
870
61
1213
596
295
375
237
1237
340
632
22
0
492
0
384
0
0
241
676
0
0
0
663
9
70
100
1000
526
246
1061
335
340
516
597
1682
418
0
0
0
0
