0
22
105
22
5
60
7
82
170
5
2
5
15
17
228
144
27
0
359
149
11
134
0
0
0
48
0
0
0
380
0
0
0
0
8
15
47
0
0
319
29
0
1
3
0
45
0
0
0
0
0
0
0
0
0
0
0
0
562
15
1043
122
137
0
72
0
62
0
357
0
306
373
0
0
5
8
0
0
479
0
0
922
0
0
0
0
47
245
2064
2416
0
0
1894
163
0
0
3294
90
718
4742
72
0
0
0
236
0
0
0
3905
0
103
9
1474
88
278
0
0
167
4226
3
0
0
170
6
0
0
0
2362
0
8100
0
274
0
3064
1779
1969
576
843
196
0
57
3936
0
48
29
0
0
318
0
185
873
0
7699
402
0
0
1587
0
0
0
51
0
2200
34
2055
0
4482
0
13
2189
6436
650
147
724
336
1204
0
0
424
0
0
1
0
846
709
0
55
0
209
2918
156
510
50
327
2355
0
253
0
0
2977
108
1668
600
0
0
520
117
1252
79
0
452
1595
4295
84
65
0
2454
0
0
0
859
0
0
0
1586
854
90
6
14
5575
41
129
0
0
0
0
0
13
927
0
1956
130
217
29
0
0
0
684
70
0
5734
0
0
2345
0
0
5915
1081
540
519
0
2072
0
1848
175
0
0
0
562
878
1288
18
390
0
2885
11
3109
785
0
1619
0
861
1079
1404
425
347
1016
0
45
0
136
26
313
4575
0
111
824
24
1170
1590
0
5351
131
0
0
0
1504
561
0
312
205
697
0
0
346
0
800
5040
0
290
0
525
2958
153
0
0
242
2571
119
2423
0
0
69
0
441
313
3046
0
159
563
0
2024
0
344
171
1925
1840
0
0
313
3838
0
0
0
3
1482
0
535
0
0
780
1181
64
3306
0
26
26
4704
0
0
147
4858
175
0
0
233
2783
2633
0
0
0
0
0
352
2571
87
0
0
0
271
0
0
165
192
0
0
0
0
0
2969
931
0
1413
129
696
671
2383
3834
0
36
66
2374
52
217
450
10
473
98
0
0
0
184
175
0
8
2052
4672
0
0
55
32
0
0
5059
375
96
318
0
1289
1298
54
1157
0
208
1349
0
0
0
2839
0
0
1275
0
2602
104
0
0
10
0
128
0
99
0
2350
0
542
79
0
3320
0
542
0
2741
0
1033
499
0
2987
134
0
0
0
0
6209
0
0
27
0
96
7774
29
0
0
97
0
4451
0
362
3121
2970
1445
162
7
0
672
28
0
0
0
0
73
0
7164
0
0
0
0
1414
0
1394
0
3518
442
935
284
0
0
83
84
1776
10
4395
1553
0
0
0
66
4926
814
0
0
269
290
0
202
0
308
0
0
0
0
2497
4890
1463
0
406
608
667
265
0
13
0
0
0
147
1378
1702
0
80
0
23
0
0
0
0
0
1047
0
605
71
0
0
93
521
301
0
0
738
1404
1064
187
3881
0
0
583
0
6076
0
0
85
3036
0
1996
382
0
0
858
240
2140
3825
45
1749
1121
0
0
719
0
3497
0
106
0
0
1915
96
0
19
775
4881
257
5627
211
0
0
1740
323
0
6771
0
167
22
1587
1735
32
107
0
580
928
358
0
669
121
1343
4026
1551
1426
70
0
1714
1493
295
5
1376
1434
0
744
0
0
1602
81
148
21
131
506
147
920
680
1127
9768
0
2834
41
0
0
0
0
730
679
0
89
0
0
49
1741
0
0
969
0
26
87
4059
506
0
0
3542
0
0
0
1564
0
0
4276
0
0
275
2886
694
2285
0
1223
497
9609
943
204
540
3656
0
30
0
468
0
290
698
0
34
1687
7934
20
1762
70
35
0
0
0
665
4918
5957
0
56
82
0
0
150
0
0
6219
891
1804
0
0
4282
29
648
371
0
0
119
1807
2604
0
0
0
5163
0
0
331
2242
0
0
3640
151
0
0
4597
0
600
0
0
0
0
0
0
1411
32
1067
935
0
120
492
828
762
655
0
0
284
4100
1508
37
29
1916
0
873
0
0
4877
0
2108
0
5898
1685
102
1685
1961
0
2430
3013
0
136
44
276
2666
1032
0
1746
92
0
2909
437
0
114
4956
0
322
0
0
1562
5731
0
238
2369
161
1139
167
60
723
1285
495
1073
194
816
74
63
482
911
0
31
2
0
115
2056
2254
5952
501
0
961
0
0
672
0
0
840
0
1636
0
22
106
778
0
0
2358
242
3144
1091
967
1691
836
3646
847
2584
138
0
1080
0
1549
1
0
719
1653
0
0
0
1580
42
189
64
2433
1202
942
3921
860
644
1257
1641
4499
1377
0
0
0
0
