0
0
1
0
1
4
0
1
4
1
0
0
0
0
5
4
0
0
6
3
0
0
0
0
0
0
0
0
0
9
0
0
0
0
0
0
0
0
0
9
0
0
0
0
0
0
0
0
0
0
0
0
0
0
0
0
0
0
0
0
0
0
3
0
0
0
0
0
0
0
0
3
0
0
0
0
0
0
0
0
0
0
0
0
0
0
0
0
104
8
0
0
128
0
0
0
111
0
2
74
0
0
0
0
19
0
0
0
74
0
43
0
31
0
0
0
0
0
0
0
0
0
0
0
0
0
0
105
0
316
0
21
0
102
48
38
0
0
16
0
0
193
0
36
8
0
0
0
0
21
0
0
68
0
0
0
38
0
0
0
0
0
74
0
14
0
242
0
0
96
257
35
0
28
26
149
0
0
16
0
0
0
0
0
72
0
0
0
0
229
15
0
0
0
84
0
0
0
0
63
0
73
56
0
0
38
0
59
0
0
11
69
184
0
0
0
3
0
0
0
0
0
0
0
33
0
0
4
0
200
0
0
0
0
0
0
0
6
72
0
35
25
34
0
0
0
0
1
0
0
1639
0
0
222
0
0
150
40
30
4
0
7
0
201
0
0
0
0
24
5
62
0
29
0
207
0
102
0
0
25
0
0
23
119
16
8
27
0
0
0
0
14
0
164
0
0
61
0
35
66
0
220
0
0
0
0
77
21
0
1
8
0
0
0
7
0
0
165
0
0
0
0
91
1
0
0
13
101
40
208
0
0
0
0
6
7
95
0
69
10
0
42
0
0
5
12
306
0
0
0
63
0
0
0
0
29
0
10
0
0
20
42
0
242
0
0
0
34
0
0
0
172
15
0
0
0
99
92
0
0
0
0
0
13
128
8
0
0
0
0
0
0
0
2
0
0
0
0
0
398
40
0
219
0
89
12
155
134
0
1
0
123
11
0
38
0
3
58
0
0
0
0
4
0
0
97
375
0
0
0
0
0
0
641
0
12
9
0
245
0
4
4
0
21
61
0
0
0
75
0
0
108
0
270
28
0
0
0
0
2
0
0
0
29
0
0
1
0
125
0
48
0
0
0
0
0
0
77
0
0
0
0
0
1013
0
0
0
0
4
280
0
0
0
0
0
70
0
0
135
139
94
0
0
0
5
0
0
0
0
0
20
0
0
0
0
0
0
0
0
14
0
183
0
210
0
0
0
0
0
22
0
191
0
0
0
0
0
296
76
0
0
8
18
0
2
0
11
0
0
0
0
92
391
20
0
0
0
0
0
0
0
0
0
0
0
162
11
0
0
0
0
0
0
0
0
0
350
0
0
2
0
0
2
0
0
0
0
17
5
74
3
290
0
0
14
0
98
0
0
5
97
0
0
0
0
0
19
8
153
527
0
57
47
0
0
38
0
391
0
10
0
0
26
0
0
0
8
503
0
23
2
0
0
10
4
0
235
0
1
0
42
36
0
2
0
47
57
0
0
9
0
40
100
9
289
0
0
140
20
15
0
33
85
0
0
0
0
29
0
0
0
4
2
0
83
95
66
1841
0
108
0
0
0
0
0
29
0
0
0
0
0
0
49
0
0
8
0
0
7
127
3
0
0
270
0
0
0
48
0
0
102
0
0
37
59
51
160
0
37
12
401
2
50
59
181
0
0
0
40
0
3
27
0
4
117
703
0
55
0
75
0
0
0
0
126
195
0
0
71
0
0
0
0
0
1218
187
105
0
0
283
2
47
12
0
0
0
62
383
0
0
0
53
0
0
0
127
0
0
99
0
0
0
148
0
0
0
0
0
0
0
0
117
14
17
3
0
0
0
2
13
7
0
0
0
38
15
0
0
104
0
72
0
0
481
0
571
0
217
340
0
60
92
0
101
133
0
5
0
0
150
85
0
42
0
0
168
0
0
0
132
0
10
0
0
5
385
0
0
35
2
212
4
0
22
7
0
46
29
32
0
8
32
58
0
0
0
0
20
97
173
155
5
0
44
0
0
21
0
0
20
0
122
0
0
0
184
0
0
93
0
424
77
46
132
0
154
14
58
0
0
0
0
162
0
0
5
33
0
0
0
293
0
30
116
546
88
0
26
0
42
65
50
0
0
0
0
0
0
