0
27
479
61
13
282
41
151
316
13
5
33
32
85
355
255
73
0
560
249
51
403
0
0
0
73
0
0
0
764
0
0
0
0
28
50
104
0
0
688
78
0
3
8
0
92
0
0
0
0
0
0
0
0
0
0
0
0
776
29
1474
163
249
0
123
0
77
0
503
0
467
612
0
0
16
14
0
0
812
0
0
1428
0
0
0
4
165
490
4033
5951
0
0
3023
447
0
0
4502
379
1350
7529
147
0
0
0
584
0
0
0
8962
0
76
114
2516
154
512
0
0
406
10555
20
0
0
186
26
0
0
0
3380
0
15512
0
475
0
7880
3233
4203
1702
1378
376
0
56
7108
0
395
81
0
0
657
0
402
4604
0
11522
663
0
0
3385
0
0
0
86
0
4511
78
2372
0
9625
0
68
5513
14214
1007
326
919
487
1179
0
0
1556
0
0
3
0
2225
1786
0
81
0
236
4718
481
415
71
415
4631
0
372
0
0
5659
833
3678
1231
0
0
1182
235
1689
130
0
604
3608
5332
83
88
0
6979
0
0
0
1994
0
0
0
3477
1907
230
19
28
7368
82
388
4
0
0
0
0
16
5843
0
4203
141
623
22
0
0
0
1264
176
0
7359
0
0
3196
0
0
14808
1330
1050
1092
0
2232
0
3275
170
0
0
0
1343
2068
2631
42
272
0
5899
65
7222
2162
0
2590
0
2375
2013
2960
742
1020
3334
0
27
0
272
74
547
6488
0
168
2138
38
2946
3543
0
11202
123
0
0
0
4118
991
0
371
356
602
0
0
417
0
683
10428
0
299
0
786
7237
192
0
0
567
7549
380
4950
0
0
125
0
1167
480
5374
0
136
1267
0
3128
0
802
194
3052
3491
0
0
894
5719
0
0
0
9
2575
0
985
0
0
1931
3384
275
5324
0
76
20
13054
0
0
192
6061
337
0
0
440
4624
4521
0
0
0
0
0
418
4585
174
0
0
0
891
0
0
536
336
0
0
0
0
0
4373
1627
0
1990
285
2068
1878
8033
5783
0
76
128
3727
138
413
883
57
990
129
0
0
0
206
398
0
19
3915
10540
0
0
160
294
0
0
12528
757
167
617
0
2978
1084
73
1537
0
440
2012
0
0
0
4205
0
0
2914
0
4357
133
0
0
18
0
185
0
212
0
3307
0
753
139
0
5208
0
1541
0
4678
0
2379
636
0
4112
265
0
0
0
0
8652
0
0
59
0
385
11242
53
0
0
123
0
7803
0
403
4263
6665
2622
333
82
0
816
103
0
0
0
0
105
0
18357
0
0
0
0
3146
0
2910
0
5634
720
1802
398
0
0
408
133
3726
66
7019
4291
0
0
0
81
10526
2406
0
0
460
458
0
420
0
489
0
0
0
0
3549
10231
3513
0
528
1225
1392
381
0
45
0
0
0
394
2837
3434
0
160
0
32
0
0
0
0
0
3060
0
1226
82
0
0
145
1157
417
0
0
1724
2560
2907
459
7513
0
0
1320
0
11043
0
0
104
5593
0
8558
291
0
0
2909
848
2860
8522
36
3283
2219
0
0
1965
0
7647
0
312
0
0
5431
452
0
44
2018
10389
276
8497
528
0
0
3419
596
0
10898
0
638
40
4221
2646
64
171
0
1074
3177
918
0
1910
219
3368
8131
3044
4194
37
0
2682
2985
853
6
4746
2446
0
1558
0
0
2946
146
181
32
139
723
162
1560
948
3064
13643
0
4878
129
0
0
0
0
1159
1115
0
127
0
0
177
3037
0
0
2210
0
121
268
6289
1468
0
0
8401
0
0
0
3473
0
0
5470
0
0
1221
7852
1715
4019
0
3371
531
16753
2840
448
1439
6425
0
110
0
1363
0
905
1454
0
56
3451
11583
53
3924
239
218
0
0
0
702
6402
9963
0
331
133
0
0
124
0
0
8170
2727
3582
0
0
8554
38
1232
653
0
0
151
3948
5780
0
0
0
9523
0
0
902
10301
0
0
6548
224
0
0
7614
0
950
0
0
0
0
0
0
4002
124
2441
1295
0
370
694
781
1424
1198
0
0
274
5329
3378
58
24
4507
0
1904
0
0
10349
0
3512
0
8947
4102
301
3452
3421
0
4765
7642
0
153
201
665
4723
1980
0
2366
651
0
6663
711
0
97
9480
0
358
0
0
3656
8085
0
349
3244
203
2402
183
49
1797
2627
581
1635
209
1919
120
243
785
1466
0
40
11
0
130
4025
4561
8359
560
0
2640
0
0
970
0
0
3873
0
4016
0
129
127
2372
0
0
4679
316
4550
2951
2402
5073
1277
5308
2457
5025
249
0
1661
0
2668
1
0
1325
5169
0
0
0
3220
60
199
345
3118
2663
1528
9691
1276
1798
2906
3826
6928
2142
0
0
0
0
