0
801
106
31
7
82
9
94
192
5
18
6
65
16
246
168
39
0
398
166
13
194
0
0
0
51
0
0
0
432
0
0
0
0
7
16
64
0
0
358
41
0
1
8
0
45
0
0
0
0
0
0
0
0
0
0
0
0
532
12
991
112
139
0
64
0
51
0
338
0
282
349
0
0
8
9
0
0
447
0
0
896
0
0
0
0
47
244
2078
2407
0
0
1894
165
0
0
3290
91
716
4747
70
0
0
0
243
0
0
0
3885
0
105
10
1455
97
319
0
0
166
4209
6
0
0
167
6
0
0
0
2422
0
8125
0
274
0
3031
1747
2084
566
832
202
0
57
3964
0
73
29
0
0
326
0
185
881
0
7692
402
0
0
1617
0
0
0
51
0
2192
34
2055
0
4603
0
14
2196
6420
649
145
725
337
1203
0
0
424
0
0
1
0
871
709
0
55
0
199
2928
157
511
49
328
2367
0
254
0
0
2925
110
1671
623
0
0
511
665
1252
80
0
452
1595
4295
84
65
0
2401
0
0
0
890
0
0
0
1644
849
90
3
8
5562
41
129
0
0
0
0
0
13
941
0
1957
130
217
29
0
0
0
668
68
0
5709
0
0
2342
0
0
6022
1066
558
498
0
2072
0
1844
175
0
0
0
566
919
1278
18
389
0
2869
12
3107
763
0
1578
0
831
1083
1446
425
337
1018
0
46
0
138
30
302
4583
0
116
815
26
1168
1612
0
5396
131
0
0
0
1522
560
0
313
206
696
0
0
351
0
801
4942
0
291
0
525
3042
153
0
0
240
2619
123
2430
0
0
64
0
429
333
3046
0
159
546
0
2085
0
352
171
1895
1778
0
0
302
3808
0
0
0
3
1577
0
533
0
0
783
1181
64
3305
0
26
26
4630
0
0
147
4858
176
0
0
240
2788
2579
0
0
0
0
0
352
2508
87
0
0
0
276
0
0
157
181
0
0
0
0
0
3032
940
0
1416
128
683
684
2374
3834
0
44
70
2457
51
202
455
11
470
96
0
0
0
182
187
0
8
2052
4665
0
0
58
32
0
0
5059
386
90
311
0
1293
1301
57
1108
0
207
1338
0
0
0
2848
0
0
1262
0
2590
104
0
0
10
0
128
0
100
0
2350
0
542
78
0
3394
0
542
0
2702
0
1050
485
0
2987
142
0
0
0
0
6156
0
0
26
0
95
7675
27
0
0
91
0
4395
0
355
3121
3072
1458
155
7
0
670
28
0
0
0
0
73
0
7075
0
0
0
0
1440
0
1394
0
3374
428
935
286
0
0
84
85
1750
10
4381
1515
0
0
0
66
5038
800
0
0
268
294
0
190
0
298
0
0
0
0
2450
4800
1528
0
398
615
667
265
0
13
0
0
0
147
1336
1680
0
80
0
54
0
0
0
0
0
1069
0
606
71
0
0
101
521
301
0
0
767
1428
1064
187
3862
0
0
581
0
6064
0
0
85
3011
0
2005
382
0
0
860
240
2140
3699
39
1744
1114
0
0
680
0
3490
0
104
0
0
1935
97
0
18
761
4867
258
5626
202
0
0
1746
323
0
5463
0
162
22
1564
1727
26
115
0
583
941
325
0
661
117
1287
4007
1471
1426
70
0
1611
1474
285
5
1375
1425
0
693
0
0
1677
82
148
21
134
506
147
899
688
1122
9780
0
2798
41
0
0
0
0
730
645
0
89
0
0
48
1741
0
0
986
0
17
88
3893
491
0
0
3596
0
0
0
1603
0
0
4276
0
0
286
2841
681
2294
0
1235
498
9610
954
212
549
3652
0
30
0
468
0
298
732
0
34
1754
8111
25
1819
74
35
0
0
0
657
4918
5993
0
56
82
0
0
147
0
0
6175
887
1804
0
0
4293
29
678
380
0
0
119
1778
2549
0
0
0
5185
0
0
326
2326
0
0
3690
151
0
0
4601
0
599
0
0
0
0
0
0
1380
32
1089
935
0
122
492
828
734
703
0
0
284
4100
1490
37
32
1932
0
882
0
0
4806
0
2109
0
5830
1710
102
1655
1961
0
2473
3008
0
135
44
287
2646
1025
0
1714
90
0
2997
414
0
114
4986
0
317
0
0
1556
5731
0
236
2369
165
1088
166
60
754
1377
495
1115
194
834
72
68
476
892
0
31
2
0
115
2113
2267
5952
496
0
936
0
0
657
0
0
838
0
1666
0
22
104
778
0
0
2373
244
3141
1077
962
1689
812
3627
831
2576
140
0
1140
0
1556
1
0
716
1621
0
0
0
1559
42
190
63
2424
1150
942
3752
842
641
1206
1558
4360
1342
0
0
0
0
