0
0
15
0
0
13
2
1
1
0
0
1
1
7
5
4
0
0
6
3
3
5
0
0
0
0
0
0
0
0
0
0
0
0
2
7
0
0
0
0
0
0
0
0
0
10
0
0
0
0
0
0
0
0
0
0
0
0
80
10
160
21
21
0
8
0
10
0
60
0
77
51
0
0
2
1
0
0
61
0
0
221
0
0
0
0
11
72
357
268
0
0
554
64
0
0
577
0
330
1341
2
0
0
0
107
0
0
0
1026
0
59
22
493
29
91
0
0
141
386
0
0
0
29
3
0
0
0
514
0
3085
0
116
0
1176
667
202
79
11
73
0
0
1737
0
28
38
0
0
44
0
52
485
0
2269
0
0
0
445
0
0
0
17
0
749
0
455
0
1886
0
12
1003
2817
385
42
171
76
256
0
0
184
0
0
0
0
333
793
0
4
0
0
794
23
70
0
0
432
0
23
0
0
994
44
294
186
0
0
150
0
337
3
0
127
624
2116
24
0
0
471
0
0
0
225
0
0
0
322
157
18
4
3
2475
0
35
0
0
0
0
0
13
525
0
652
34
144
39
0
0
0
186
13
0
2253
0
0
632
0
0
1788
199
165
79
0
873
0
570
41
0
0
0
249
213
502
3
80
0
1166
0
1189
102
0
241
0
175
307
501
164
159
655
0
15
0
14
20
26
1056
0
0
570
0
733
625
0
1471
7
0
0
0
522
284
0
74
27
87
0
0
94
0
99
1982
0
0
0
20
1098
42
0
0
120
1149
104
1464
0
0
4
0
121
60
1313
0
113
124
0
492
0
175
29
432
668
0
0
46
527
0
0
0
0
650
0
263
0
0
340
522
0
1012
0
0
5
1690
0
0
2
2175
105
0
0
11
568
864
0
0
0
0
0
177
777
18
0
0
0
123
0
0
43
27
0
0
0
0
0
1062
265
0
460
31
467
237
1297
1703
0
9
23
941
4
10
213
2
173
140
0
0
0
0
17
0
0
974
1598
0
0
0
60
0
0
1924
47
42
134
0
858
190
14
158
0
42
179
0
0
0
771
0
0
522
0
900
49
0
0
0
0
14
0
7
0
664
0
243
26
0
1432
0
254
0
9
0
489
7
0
744
29
0
0
0
0
1865
0
0
0
0
57
1644
18
0
0
0
0
1276
0
69
866
886
455
19
8
0
93
8
0
0
0
0
76
0
2692
0
0
0
0
314
0
1115
0
854
10
531
73
0
0
0
25
246
16
1429
485
0
0
0
0
1717
336
0
0
53
53
0
30
0
46
0
0
0
0
655
1073
437
0
74
188
434
0
0
0
0
0
0
112
399
346
0
5
0
2
0
0
0
0
0
779
0
180
13
0
0
4
208
114
0
0
218
635
469
3
1650
0
0
288
0
2632
0
0
12
929
0
1115
17
0
0
511
427
600
1721
3
762
263
0
0
335
0
1006
0
48
0
0
598
12
0
1
362
1843
60
1751
45
0
0
262
105
0
2776
0
111
0
623
217
1
19
0
133
322
20
0
352
0
481
1515
393
1004
8
0
510
291
113
0
922
479
0
195
0
0
810
19
25
1
25
76
5
494
207
482
4428
0
795
57
0
0
0
0
176
154
0
17
0
0
3
500
0
0
145
0
0
27
904
111
0
0
1589
0
0
0
698
0
0
988
0
0
166
1908
293
900
0
516
94
2785
214
245
378
1494
0
0
0
216
0
105
282
0
5
566
2944
0
496
24
95
0
0
0
121
1292
2479
0
60
68
0
0
0
0
0
1852
744
751
0
0
1605
6
216
159
0
0
0
594
812
0
0
0
1971
0
0
61
1214
0
0
1261
0
0
0
1394
0
30
0
0
0
0
0
0
827
63
374
191
0
0
184
405
211
312
0
0
126
760
492
0
0
745
0
443
0
0
1693
0
973
0
1704
1001
25
537
713
0
448
1459
0
53
0
0
967
518
0
133
8
0
1126
135
0
27
2383
0
126
0
0
723
1669
0
71
466
38
462
64
17
181
421
109
191
140
530
27
37
145
254
0
5
0
0
22
788
986
1341
177
0
413
0
0
31
0
0
104
0
728
0
19
0
504
0
0
813
25
1079
480
346
461
36
702
363
556
2
0
275
0
470
0
0
234
744
0
0
0
822
0
74
158
946
503
28
1317
189
353
503
651
815
104
0
0
0
0
