0
11
95
16
5
135
13
58
110
9
2
7
7
17
161
96
17
0
243
103
10
98
0
0
0
35
0
0
0
256
0
0
0
0
4
12
25
0
0
203
22
0
0
3
0
41
0
0
0
0
0
0
0
0
0
0
0
0
272
18
531
54
103
0
44
0
29
0
182
0
196
235
0
0
12
10
0
0
301
0
0
608
0
0
0
0
73
187
1793
1283
0
0
1467
118
0
0
3109
72
627
3684
30
0
0
0
317
0
0
0
2060
0
109
59
1516
53
169
0
0
258
2122
0
0
0
157
18
0
0
0
2234
0
8978
0
341
0
3333
1921
1288
410
509
258
0
8
3303
0
97
102
0
0
253
0
134
999
0
4128
245
0
0
1408
0
0
0
46
0
2274
20
1057
0
4877
0
19
2301
4288
1147
80
481
218
1038
0
0
408
0
0
0
0
735
493
0
48
0
46
2907
174
83
16
199
2272
0
195
0
0
2251
216
1284
638
0
0
493
40
1253
28
0
465
1423
2471
103
49
0
1782
0
0
0
801
0
0
0
1500
414
58
17
15
4220
22
130
0
0
0
0
0
12
1093
0
1300
213
437
75
0
0
0
711
52
0
6619
0
0
1885
0
0
6066
619
591
489
0
1168
0
1928
217
0
0
0
497
689
1296
16
178
0
2212
9
2324
541
0
1126
0
784
875
1301
344
399
911
0
9
0
95
82
172
3030
0
72
585
19
885
1670
0
5400
81
0
0
0
1672
473
0
370
181
118
0
0
201
0
129
5587
0
232
0
180
3154
128
0
0
323
3366
167
1577
0
0
39
0
420
200
2538
0
205
484
0
1766
0
319
139
1756
2061
0
0
287
3750
0
0
0
0
1731
0
451
0
0
833
940
39
2541
0
0
20
3617
0
0
99
2368
226
0
0
99
2607
2122
0
0
0
0
0
207
2403
66
0
0
0
362
0
0
152
119
0
0
0
0
0
3738
942
0
1439
130
898
810
1945
3009
0
27
63
2507
42
102
405
7
446
318
0
0
0
145
114
0
3
1954
4107
0
0
26
222
0
0
6170
280
113
130
0
1171
225
14
249
0
166
568
0
0
0
2091
0
0
859
0
2812
69
0
0
6
0
40
0
30
0
1469
0
883
69
0
3706
0
757
0
1647
0
940
220
0
3051
99
0
0
0
0
5957
0
0
10
0
206
3239
52
0
0
53
0
4335
0
107
3230
2940
951
118
34
0
435
45
0
0
0
0
75
0
5742
0
0
0
0
1303
0
522
0
4036
307
1124
69
0
0
44
55
1175
61
2842
1446
0
0
0
39
5062
941
0
0
221
228
0
103
0
273
0
0
0
0
2418
4726
1209
0
265
577
249
142
0
17
0
0
0
390
1027
1153
0
75
0
20
0
0
0
0
0
1320
0
476
53
0
0
69
561
477
0
0
678
1173
1563
127
3502
0
0
512
0
5521
0
0
82
2783
0
2038
42
0
0
835
423
2191
3903
9
2025
884
0
0
783
0
2859
0
120
0
0
1975
92
0
6
614
4918
79
2917
174
0
0
1212
311
0
8715
0
355
8
1770
1554
14
98
0
593
1010
122
0
549
79
1338
3888
1598
2546
77
0
2212
1122
328
0
1474
752
0
404
0
0
2444
70
75
10
143
311
108
817
627
1304
12957
0
2134
70
0
0
0
0
627
328
0
79
0
0
15
1466
0
0
931
0
17
121
3383
370
0
0
4334
0
0
0
1640
0
0
1324
0
0
444
2110
708
2060
0
1546
548
7567
1132
251
654
2041
0
30
0
674
0
336
635
0
10
1689
10082
9
1350
88
149
0
0
0
239
2694
4578
0
182
122
0
0
63
0
0
6015
1303
1601
0
0
5197
8
716
547
0
0
65
1675
2899
0
0
0
3434
0
0
232
2460
0
0
2920
47
0
0
4584
0
346
0
0
0
0
0
0
1701
88
913
552
0
36
184
283
678
802
0
0
98
2062
764
11
12
2298
0
852
0
0
5216
0
2360
0
5423
2382
103
1515
1602
0
2174
2701
0
73
69
206
2606
975
0
785
89
0
3212
269
0
94
7148
0
155
0
0
1283
4951
0
300
1584
199
997
90
54
607
1208
126
970
116
877
53
98
412
766
0
12
2
0
78
2114
2943
4211
271
0
1158
0
0
347
0
0
826
0
2100
0
54
75
1358
0
0
2063
158
3334
941
1077
1506
300
3264
1010
2566
94
0
728
0
914
0
0
537
2060
0
0
0
1843
36
191
248
2842
1216
591
4246
590
752
1257
1732
3200
876
0
0
0
0
