0
999
82
13
3
123
10
48
90
7
16
6
88
14
142
79
23
0
208
87
8
137
0
0
0
29
0
0
0
191
0
0
0
0
4
10
20
0
0
152
24
0
0
5
0
40
0
0
0
0
0
0
0
0
0
0
0
0
277
15
554
61
97
0
46
0
30
0
193
0
190
244
0
0
9
8
0
0
298
0
0
577
0
0
0
0
73
186
1826
1298
0
0
1473
118
0
0
3068
72
641
3721
30
0
0
0
319
0
0
0
2147
0
109
57
1508
49
149
0
0
258
2172
0
0
0
161
15
0
0
0
2212
0
8966
0
341
0
3359
1860
1288
412
526
259
0
8
3316
0
101
102
0
0
276
0
137
1003
0
4127
244
0
0
1389
0
0
0
46
0
2271
20
1057
0
4868
0
19
2286
4368
1147
78
485
218
1037
0
0
411
0
0
0
0
730
493
0
48
0
47
2872
174
82
16
197
2243
0
200
0
0
2250
216
1270
634
0
0
482
714
1253
28
0
465
1423
2471
103
49
0
1795
0
0
0
800
0
0
0
1516
429
58
19
15
4220
22
127
0
0
0
0
0
12
1097
0
1303
216
437
75
0
0
0
696
51
0
6632
0
0
1884
0
0
6109
639
578
493
0
1168
0
1919
216
0
0
0
496
683
1284
17
177
0
2248
9
2342
544
0
1107
0
794
883
1286
342
383
917
0
9
0
101
81
183
3047
0
80
592
15
887
1671
0
5415
81
0
0
0
1648
466
0
369
171
119
0
0
192
0
129
5573
0
218
0
180
3089
128
0
0
333
3313
169
1584
0
0
43
0
390
173
2538
0
205
462
0
1775
0
315
139
1703
2080
0
0
296
3739
0
0
0
0
1660
0
463
0
0
830
951
42
2549
0
0
20
3644
0
0
99
2368
231
0
0
84
2557
2099
0
0
0
0
0
207
2395
72
0
0
0
366
0
0
146
113
0
0
0
0
0
3788
930
0
1439
131
891
800
1945
3009
0
25
59
2517
42
88
409
6
445
316
0
0
0
134
120
0
3
1954
4106
0
0
27
228
0
0
6170
305
113
136
0
1176
222
13
277
0
170
621
0
0
0
2110
0
0
851
0
2771
69
0
0
6
0
40
0
30
0
1469
0
883
69
0
3666
0
757
0
1711
0
928
232
0
3051
103
0
0
0
0
5938
0
0
10
0
209
3259
53
0
0
51
0
4285
0
119
3230
2905
993
115
34
0
437
45
0
0
0
0
75
0
5690
0
0
0
0
1288
0
522
0
4013
286
1132
74
0
0
44
55
1161
59
2841
1492
0
0
0
39
5086
914
0
0
221
233
0
117
0
260
0
0
0
0
2385
4710
1196
0
256
572
249
133
0
17
0
0
0
392
1074
1168
0
75
0
65
0
0
0
0
0
1318
0
479
53
0
0
60
562
477
0
0
666
1196
1563
127
3515
0
0
508
0
5520
0
0
82
2744
0
2053
42
0
0
836
423
2191
3956
15
2026
884
0
0
719
0
2861
0
117
0
0
1921
92
0
6
617
4915
93
2953
160
0
0
1138
311
0
6915
0
358
8
1774
1482
11
93
0
591
1048
93
0
556
79
1238
3841
1623
2546
78
0
2193
1056
323
0
1479
770
0
454
0
0
2452
71
75
10
133
311
108
830
641
1302
12951
0
2140
70
0
0
0
0
627
375
0
79
0
0
16
1466
0
0
936
0
9
121
3345
373
0
0
4373
0
0
0
1624
0
0
1324
0
0
471
2130
695
2037
0
1537
534
7639
1155
251
655
2038
0
30
0
674
0
339
635
0
10
1696
10130
6
1339
85
149
0
0
0
239
2694
4685
0
182
121
0
0
64
0
0
6016
1309
1622
0
0
5209
8
714
539
0
0
65
1674
2963
0
0
0
3517
0
0
221
2473
0
0
2945
47
0
0
4508
0
346
0
0
0
0
0
0
1686
88
901
552
0
38
184
283
665
743
0
0
98
2062
800
11
12
2329
0
892
0
0
5226
0
2361
0
5405
2386
102
1497
1602
0
2125
2702
0
77
66
213
2569
981
0
852
87
0
3196
292
0
94
7089
0
162
0
0
1270
4946
0
300
1584
187
1020
93
54
566
1212
125
973
116
868
54
100
405
751
0
12
2
0
78
2087
2906
4211
283
0
1167
0
0
372
0
0
822
0
2089
0
54
78
1358
0
0
2108
160
3333
921
1077
1542
305
3235
1034
2575
94
0
676
0
962
0
0
537
2101
0
0
0
1831
35
192
247
2844
1223
609
4223
616
688
1271
1732
3240
904
0
0
0
0
