0
1228
447
81
11
294
40
167
304
14
22
31
111
78
331
246
99
0
552
246
46
595
0
0
0
71
0
0
0
742
0
0
0
0
25
44
141
0
0
669
102
0
3
14
0
91
0
0
0
0
0
0
0
0
0
0
0
0
786
33
1477
172
271
0
125
0
85
0
512
0
499
652
0
0
19
12
0
0
860
0
0
1500
0
0
0
4
166
490
4024
5958
0
0
3033
446
0
0
4533
383
1361
7547
152
0
0
0
555
0
0
0
9002
0
75
118
2450
161
522
0
0
405
10559
22
0
0
183
23
0
0
0
3442
0
15411
0
475
0
7871
3254
4138
1680
1463
379
0
56
7152
0
436
81
0
0
645
0
408
4604
0
11524
667
0
0
3452
0
0
0
86
0
4500
75
2372
0
9501
0
68
5392
14256
1007
325
930
496
1177
0
0
1555
0
0
2
0
2326
1786
0
76
0
225
4658
483
415
72
419
4591
0
384
0
0
5567
831
3676
1231
0
0
1097
1123
1691
131
0
604
3608
5332
83
87
0
6912
0
0
0
2024
0
0
0
3461
1913
228
20
27
7370
81
380
4
0
0
0
0
15
5864
0
4238
139
623
22
0
0
0
1206
177
0
7367
0
0
3196
0
0
14735
1305
1055
1068
0
2232
0
3163
172
0
0
0
1327
2111
2579
36
271
0
5921
64
7206
2137
0
2615
0
2400
2018
2933
743
1028
3340
0
27
0
264
74
542
6555
0
173
2096
28
2954
3458
0
11238
123
0
0
0
4058
995
0
371
343
602
0
0
441
0
683
9990
0
305
0
778
7118
190
0
0
567
7344
392
4949
0
0
120
0
1104
475
5374
0
134
1201
0
3212
0
833
194
3005
3346
0
0
879
5743
0
0
0
8
2490
0
999
0
0
1887
3392
278
5328
0
74
20
12924
0
0
195
6061
327
0
0
430
4588
4482
0
0
0
0
0
418
4498
177
0
0
0
891
0
0
523
305
0
0
0
0
0
4630
1635
0
1991
283
2053
1845
8020
5783
0
84
124
3805
135
371
904
55
984
128
0
0
0
206
400
0
18
3915
10576
0
0
169
306
0
0
12566
744
167
621
0
2995
1088
69
1611
0
442
1954
0
0
0
4235
0
0
2930
0
4303
133
0
0
18
0
185
0
212
0
3307
0
753
136
0
5330
0
1545
0
4943
0
2455
625
0
4112
249
0
0
0
0
8539
0
0
55
0
394
11144
49
0
0
126
0
7544
0
403
4263
6702
2547
355
82
0
828
106
0
0
0
0
105
0
18156
0
0
0
0
3234
0
2910
0
5490
697
1800
392
0
0
412
134
3733
72
7101
4329
0
0
0
82
10538
2431
0
0
461
456
0
429
0
444
0
0
0
0
3581
10086
3575
0
530
1250
1392
374
0
45
0
0
0
407
3004
3439
0
159
0
91
0
0
0
0
0
3054
0
1218
82
0
0
146
1156
417
0
0
1774
2599
2915
458
7552
0
0
1317
0
11205
0
0
106
5499
0
8554
291
0
0
2918
848
2858
8615
40
3268
2210
0
0
1791
0
7664
0
319
0
0
5366
447
0
39
1977
10386
280
8572
484
0
0
3277
596
0
9145
0
643
40
4212
2646
67
155
0
1044
3275
923
0
1877
211
3099
8049
2841
4195
37
0
2596
2910
843
6
4740
2453
0
1577
0
0
3038
143
181
32
134
723
163
1522
1001
3041
13724
0
4954
129
0
0
0
0
1159
1122
0
127
0
0
180
3037
0
0
2201
0
93
273
6340
1455
0
0
8299
0
0
0
3399
0
0
5503
0
0
1260
7673
1667
4020
0
3286
525
16837
2847
456
1453
6508
0
110
0
1366
0
916
1432
0
56
3456
12149
71
3972
238
219
0
0
0
700
6402
10108
0
328
125
0
0
125
0
0
8098
2712
3601
0
0
8303
37
1251
658
0
0
149
3845
5485
0
0
0
9635
0
0
897
10439
0
0
6597
222
0
0
7733
0
957
0
0
0
0
0
0
3993
124
2518
1295
0
360
691
781
1440
1108
0
0
274
5329
3395
58
23
4516
0
1845
0
0
10231
0
3509
0
9104
4090
296
3437
3421
0
4791
7654
0
154
200
659
4660
1990
0
2315
667
0
6596
710
0
97
9823
0
357
0
0
3630
8087
0
352
3244
208
2449
182
49
1738
2590
588
1651
209
1996
120
259
770
1436
0
40
9
0
130
3936
4551
8359
562
0
2605
0
0
937
0
0
3860
0
3928
0
129
128
2377
0
0
4685
311
4549
2952
2389
5202
1260
5450
2505
5018
256
0
1689
0
2596
0
0
1352
5165
0
0
0
3182
59
195
346
3130
2653
1615
9700
1377
1624
2908
3809
7414
2287
0
0
0
0
