0
0
12
0
0
12
2
0
0
0
0
1
1
3
0
0
0
0
0
0
1
5
0
0
0
0
0
0
0
0
0
0
0
0
1
2
0
0
0
0
0
0
0
0
0
10
0
0
0
0
0
0
0
0
0
0
0
0
50
3
118
14
10
0
6
0
8
0
44
0
42
33
0
0
1
0
0
0
42
0
0
129
0
0
0
0
10
42
138
182
0
0
233
19
0
0
281
0
137
739
0
0
0
0
50
0
0
0
573
0
46
14
288
16
52
0
0
78
310
0
0
0
29
3
0
0
0
201
0
1052
0
66
0
594
367
129
68
9
59
0
1
563
0
22
22
0
0
43
0
31
186
0
1139
0
0
0
191
0
0
0
10
0
356
0
251
0
831
0
0
413
602
158
2
101
37
237
0
0
81
0
0
0
0
83
311
0
2
0
27
453
13
104
4
0
326
0
18
0
0
420
43
151
151
0
0
68
0
246
6
0
96
241
1126
24
5
0
376
0
0
0
108
0
0
0
169
108
18
1
1
1183
0
2
0
0
0
0
0
6
175
0
262
34
109
36
0
0
0
139
13
0
1387
0
0
413
0
0
619
107
106
82
0
447
0
320
27
0
0
0
101
87
247
3
95
0
695
0
359
91
0
137
0
127
170
282
39
65
240
0
11
0
14
8
0
655
0
2
203
0
249
257
0
701
1
0
0
0
241
81
0
51
20
130
0
0
56
0
151
1179
0
0
0
6
489
28
0
0
68
597
90
699
0
0
0
0
64
26
561
0
77
72
0
179
0
53
22
397
204
0
0
35
382
0
0
0
0
312
0
86
0
0
163
123
4
423
0
0
5
985
0
0
2
1110
67
0
0
18
417
540
0
0
0
0
0
93
419
17
0
0
0
50
0
0
35
22
0
0
0
0
0
789
77
0
289
31
168
120
486
758
0
7
18
387
0
4
70
0
135
124
0
0
0
0
14
0
0
409
778
0
0
0
43
0
0
612
47
36
97
0
405
279
14
132
0
46
113
0
0
0
419
0
0
231
0
472
24
0
0
0
0
8
0
0
0
334
0
120
21
0
641
0
99
0
12
0
124
18
0
653
7
0
0
0
0
1439
0
0
0
0
39
1163
18
0
0
0
0
781
0
27
644
577
335
16
8
0
69
0
0
0
0
0
18
0
1423
0
0
0
0
184
0
342
0
495
38
271
53
0
0
8
11
236
13
805
260
0
0
0
1
950
156
0
0
20
37
0
8
0
20
0
0
0
0
285
590
190
0
52
98
136
9
0
0
0
0
0
130
198
323
0
8
0
2
0
0
0
0
0
304
0
106
12
0
0
0
108
62
0
0
90
221
237
3
588
0
0
121
0
836
0
0
9
432
0
407
39
0
0
140
203
422
603
3
302
139
0
0
192
0
525
0
24
0
0
299
9
0
1
185
888
22
672
23
0
0
196
55
0
2312
0
83
0
319
169
1
9
0
80
238
20
0
168
7
253
531
282
580
5
0
404
202
51
1
349
305
0
91
0
0
564
9
11
2
17
52
4
200
125
230
2656
0
442
31
0
0
0
0
129
76
0
17
0
0
2
277
0
0
127
0
0
19
371
82
0
0
763
0
0
0
317
0
0
854
0
0
106
804
105
321
0
269
66
1230
194
72
137
535
0
3
0
90
0
20
110
0
7
259
2363
0
224
6
45
0
0
0
61
528
1061
0
31
51
0
0
16
0
0
1621
379
371
0
0
925
4
126
82
0
0
7
285
263
0
0
0
1270
0
0
43
415
0
0
678
2
0
0
610
0
5
0
0
0
0
0
0
311
14
152
104
0
3
99
258
135
178
0
0
80
401
248
0
3
381
0
211
0
0
766
0
604
0
774
506
2
249
356
0
310
433
0
22
0
0
396
159
0
74
8
0
604
80
0
27
1526
0
55
0
0
289
966
0
45
252
24
236
28
17
105
179
32
78
42
155
27
20
67
121
0
5
0
0
25
488
430
827
90
0
189
0
0
15
0
0
66
0
371
0
6
0
217
0
0
437
27
670
165
183
326
18
307
210
318
0
0
146
0
290
0
0
108
349
0
0
0
438
0
54
78
575
215
18
1001
103
179
241
364
456
57
0
0
0
0
