0
5
14
3
0
2
0
13
16
0
0
1
0
2
35
12
4
0
42
12
4
15
0
0
0
9
0
0
0
40
0
0
0
0
2
4
7
0
0
18
4
0
0
0
0
7
0
0
0
0
0
0
0
0
0
0
0
0
166
4
311
32
61
0
24
0
21
0
101
0
83
152
0
0
2
3
0
0
190
0
0
244
0
0
0
0
10
72
566
722
0
0
580
78
0
0
892
13
317
1313
5
0
0
0
105
0
0
0
1215
0
45
20
509
35
121
0
0
8
1302
0
0
0
44
0
0
0
0
704
0
2723
0
83
0
955
492
573
162
182
77
0
3
1386
0
38
14
0
0
74
0
55
597
0
2524
38
0
0
513
0
0
0
5
0
775
5
562
0
1897
0
0
613
3583
242
24
196
67
362
0
0
202
0
0
0
0
411
505
0
21
0
49
704
47
139
16
80
511
0
56
0
0
956
24
359
168
0
0
86
0
330
26
0
113
550
1812
30
18
0
768
0
0
0
342
0
0
0
479
257
9
2
3
1940
10
61
0
0
0
0
0
0
609
0
486
70
76
11
0
0
0
235
9
0
2071
0
0
624
0
0
1951
266
138
110
0
685
0
597
89
0
0
0
312
304
473
4
127
0
1070
3
1531
210
0
312
0
220
265
495
126
131
600
0
7
0
28
4
72
1163
0
25
583
6
607
526
0
1336
43
0
0
0
549
192
0
127
60
202
0
0
129
0
220
1371
0
84
0
147
986
37
0
0
47
1153
11
1088
0
0
14
0
114
108
1350
0
78
194
0
573
0
210
42
482
681
0
0
80
699
0
0
0
0
585
0
233
0
0
211
851
4
1075
0
3
10
1996
0
0
32
1581
29
0
0
50
564
776
0
0
0
0
0
116
946
16
0
0
0
89
0
0
49
51
0
0
0
0
0
919
357
0
413
51
495
233
1430
1690
0
12
17
720
0
45
174
3
103
14
0
0
0
55
53
0
2
980
1333
0
0
6
26
0
0
2176
84
24
156
0
534
354
11
313
0
31
333
0
0
0
841
0
0
572
0
732
38
0
0
3
0
29
0
9
0
698
0
212
29
0
1135
0
199
0
526
0
558
206
0
739
20
0
0
0
0
2168
0
0
7
0
37
2230
6
0
0
31
0
1413
0
92
800
913
272
62
4
0
136
6
0
0
0
0
27
0
3240
0
0
0
0
477
0
918
0
1035
176
388
88
0
0
26
29
527
8
1324
437
0
0
0
23
1625
220
0
0
58
56
0
45
0
79
0
0
0
0
734
1367
491
0
138
178
352
113
0
2
0
0
0
49
521
462
0
12
0
10
0
0
0
0
0
430
0
188
19
0
0
13
117
118
0
0
230
539
367
35
1412
0
0
309
0
1928
0
0
30
896
0
1246
105
0
0
506
129
566
1439
17
648
279
0
0
321
0
1072
0
32
0
0
566
16
0
1
382
1587
67
1840
57
0
0
401
54
0
1982
0
58
2
575
524
8
29
0
161
260
65
0
371
25
520
1446
453
503
29
0
536
388
113
0
878
512
0
196
0
0
527
27
48
6
38
93
19
362
159
373
3646
0
755
23
0
0
0
0
173
253
0
26
0
0
10
374
0
0
229
0
9
43
1018
174
0
0
1449
0
0
0
585
0
0
1137
0
0
109
1869
206
799
0
487
163
2717
153
130
220
1511
0
0
0
172
0
97
310
0
3
527
2419
3
624
23
57
0
0
0
180
1426
1977
0
28
20
0
0
16
0
0
2148
383
672
0
0
1359
0
202
130
0
0
29
527
921
0
0
0
1942
0
0
84
1367
0
0
1133
10
0
0
1180
0
66
0
0
0
0
0
0
848
28
433
216
0
12
181
231
186
238
0
0
80
842
515
6
4
608
0
333
0
0
1759
0
784
0
1397
576
47
535
720
0
549
1377
0
33
32
47
886
430
0
412
15
0
837
160
0
49
1557
0
76
0
0
812
1466
0
68
667
65
580
38
25
139
554
148
297
64
539
8
26
144
253
0
7
0
0
27
625
580
1551
118
0
351
0
0
164
0
0
290
0
678
0
9
28
324
0
0
699
57
872
678
296
471
222
972
289
638
22
0
444
0
361
0
0
159
651
0
0
0
623
9
37
98
894
395
231
848
276
301
389
442
1383
368
0
0
0
0
