0
3103
1384
230
46
1014
124
630
1223
55
65
93
321
243
1553
1024
286
0
2426
1033
152
1606
0
0
0
325
0
0
0
2863
0
0
0
0
83
166
415
0
0
2443
304
0
8
42
0
388
0
0
0
0
0
0
0
0
0
0
0
0
3714
150
7082
799
1164
0
549
0
400
0
2434
0
2288
2904
0
0
80
68
0
0
3723
0
0
6952
0
0
0
8
614
2148
17798
21254
0
0
15444
1750
0
0
25012
1113
6767
37932
515
0
0
0
2691
0
0
0
34965
0
877
442
13111
735
2393
0
0
2082
37043
51
0
0
1170
100
0
0
0
18861
0
77866
0
2642
0
33078
16302
16691
5831
5956
1998
0
250
35859
0
1322
535
0
0
2711
0
1704
14979
0
57531
2696
0
0
14925
0
0
0
409
0
21154
266
13272
0
46015
0
223
23476
63735
7067
1255
5135
2462
8416
0
0
5587
0
0
7
0
9365
9004
0
404
0
1065
24571
1804
2520
306
2045
20552
0
1817
0
0
26134
2449
14708
5774
0
0
4892
2898
9901
543
0
3565
15819
33779
649
439
0
24886
0
0
0
8523
0
0
0
15013
7228
808
101
118
44761
309
1537
8
0
0
0
0
118
18091
0
17490
1226
3051
352
0
0
0
6087
638
0
51119
0
0
17890
0
0
61965
7160
5090
4544
0
14837
0
16770
1385
0
0
0
5987
8464
12385
161
2229
0
27176
173
31248
7563
0
11764
0
8887
9152
13641
3717
4129
13246
0
226
0
1091
431
2283
33587
0
772
9560
162
13061
16086
0
50061
770
0
0
0
16895
5120
0
2508
1652
3529
0
0
2496
0
3990
48863
0
1802
0
3337
30919
1130
0
0
2659
31552
1678
24098
0
0
504
0
4468
2332
27897
0
1538
5203
0
16420
0
3777
1177
15279
17826
0
0
3230
29165
0
0
0
23
14052
0
5018
0
0
8233
13827
770
27217
0
208
162
50476
0
0
946
35900
1792
0
0
1644
22540
22193
0
0
0
0
0
2707
22650
749
0
0
0
3513
0
0
1857
1414
0
0
0
0
0
27302
8318
0
11928
1268
9349
7713
30676
32901
0
338
593
21255
493
1525
4413
153
4392
1496
0
0
0
1168
1548
0
63
20209
45566
0
0
501
1298
0
0
56771
3109
878
2805
0
14384
6527
356
6974
0
1832
9002
0
0
0
21996
0
0
12593
0
23408
853
0
0
74
0
808
0
729
0
17456
0
5375
683
0
30386
0
6661
0
19507
0
10989
3134
0
23478
1104
0
0
0
0
51555
0
0
201
0
1585
53403
323
0
0
603
0
38680
0
2159
24905
29374
11729
1418
270
0
4378
398
0
0
0
0
785
0
74343
0
0
0
0
13373
0
14200
0
30373
3237
9969
1896
0
0
1116
669
14965
327
34991
16605
0
0
0
420
48587
9610
0
0
2158
2239
0
1626
0
2361
0
0
0
0
19976
45086
14506
0
2823
5595
6356
1795
0
152
0
0
0
2214
12796
14307
0
669
0
311
0
0
0
0
0
13877
0
5393
486
0
0
650
5201
2917
0
0
7322
12808
12882
1628
36727
0
0
6069
0
55654
0
0
642
27003
0
29657
1705
0
0
11372
4240
17096
40153
224
17181
9618
0
0
8043
0
33020
0
1254
0
0
21020
1323
0
137
8359
48399
1552
42336
1984
0
0
13874
2809
0
58169
0
2673
143
17582
13355
232
844
0
5173
11565
2890
0
7771
883
13727
38889
13905
19729
444
0
15401
12416
3423
23
19080
11645
0
6328
0
0
17014
687
969
139
946
3451
882
8625
5571
12725
92221
0
23269
657
0
0
0
0
5806
5125
0
676
0
0
505
14376
0
0
8977
0
301
1121
31739
5272
0
0
39084
0
0
0
16091
0
0
27355
0
0
4534
33584
7316
20614
0
14307
3675
80484
10624
2718
6672
31330
0
343
0
5855
0
3474
6845
0
226
16273
72182
190
16665
890
1240
0
0
0
3956
34118
51369
0
1305
993
0
0
722
0
0
51153
12405
17174
0
0
42316
163
6223
3773
0
0
726
17232
26456
0
0
0
45037
0
0
3191
35666
0
0
31876
864
0
0
39544
0
4004
0
0
0
0
0
0
17714
694
10665
6436
0
1064
3596
5443
6519
6372
0
0
1858
26535
13593
225
142
20303
0
8999
0
0
48568
0
20617
0
47720
20166
1192
15640
17246
0
20977
32952
0
928
669
2395
24148
10126
0
11004
1718
0
29980
3466
0
762
51821
0
2154
0
0
16048
44826
0
2070
16932
1329
11603
1128
410
6871
12241
3004
8562
1556
9591
563
955
4021
7469
0
188
28
0
783
19496
23264
43498
3379
0
11122
0
0
4419
0
0
11892
0
18399
0
476
675
10920
0
0
21643
1601
26936
12379
10232
18757
5307
28371
10114
22755
1017
0
8500
0
12289
3
0
6142
20553
0
0
0
16630
292
1465
2035
21429
12215
6769
40234
6535
7564
12875
16811
34244
9923
0
0
0
0
