demandPrediction: [17:05:00,17:20:00]	0.272432
updateBehavior: [17:05:00,17:20:00]	0.219507
initializeSupplyModule: [17:05:00,17:20:00]	0.0407832
simulateTraffic: [17:05:00,17:20:00]	1.16578
initializeImpedanceTables+aggregateTravelTime: [17:05:00,17:20:00]	0.0174839
updateBehavior+updatePathChoice: [17:05:00,17:20:00]	0.594967
initializeSupplyModule: [17:05:00,17:20:00]	0.037967
simulateTraffic: [17:05:00,17:20:00]	1.1286
aggregateTravelTime: [17:05:00,17:20:00]	0.0185659
aggregateFlow: [17:05:00,17:20:00]	0.00843096
demandPrediction: [17:10:00,17:25:00]	0.338451
updateBehavior: [17:10:00,17:25:00]	0.261879
initializeSupplyModule: [17:10:00,17:25:00]	0.0492299
simulateTraffic: [17:10:00,17:25:00]	1.4336
initializeImpedanceTables+aggregateTravelTime: [17:10:00,17:25:00]	0.0142479
updateBehavior+updatePathChoice: [17:10:00,17:25:00]	0.819268
initializeSupplyModule: [17:10:00,17:25:00]	0.0489862
simulateTraffic: [17:10:00,17:25:00]	1.53349
aggregateTravelTime: [17:10:00,17:25:00]	0.0233579
aggregateFlow: [17:10:00,17:25:00]	0.012641
demandPrediction: [17:15:00,17:30:00]	0.502082
updateBehavior: [17:15:00,17:30:00]	0.359838
initializeSupplyModule: [17:15:00,17:30:00]	0.079927
simulateTraffic: [17:15:00,17:30:00]	2.0289
initializeImpedanceTables+aggregateTravelTime: [17:15:00,17:30:00]	0.0283241
updateBehavior+updatePathChoice: [17:15:00,17:30:00]	1.15839
initializeSupplyModule: [17:15:00,17:30:00]	0.079154
simulateTraffic: [17:15:00,17:30:00]	2.3171
aggregateTravelTime: [17:15:00,17:30:00]	0.031143
aggregateFlow: [17:15:00,17:30:00]	0.018187
