disaggregate: [17:00:00,17:05:00]	0.12087
updateBehavior: [17:00:00,17:05:00]	0.125809
aggregateListOfPackets: [17:00:00,17:05:00]	0.0064559
demandEstimation: [17:00:00,17:05:00]	0.00261784
initializeSupplyModule: [17:00:00,17:05:00]	0.042135
simulateTraffic: [17:00:00,17:05:00]	0.338702
makeAssignmentMatrix: [17:00:00,17:05:00]	0.633839
demandEstimation: [17:00:00,17:05:00]	9.40115
initializeSupplyModule: [17:00:00,17:05:00]	0.0135241
simulateTraffic: [17:00:00,17:05:00]	0.158447
disaggregate: [17:05:00,17:10:00]	0.097928
updateBehavior: [17:05:00,17:10:00]	0.120838
aggregateListOfPackets: [17:05:00,17:10:00]	0.00831914
demandEstimation: [17:05:00,17:10:00]	0.000236034
initializeSupplyModule: [17:05:00,17:10:00]	0.032228
simulateTraffic: [17:05:00,17:10:00]	0.471285
makeAssignmentMatrix: [17:05:00,17:10:00]	0.62521
demandEstimation: [17:05:00,17:10:00]	1132.56
initializeSupplyModule: [17:05:00,17:10:00]	0.02648
simulateTraffic: [17:05:00,17:10:00]	0.305581
disaggregate: [17:10:00,17:15:00]	0.095808
updateBehavior: [17:10:00,17:15:00]	0.136259
aggregateListOfPackets: [17:10:00,17:15:00]	0.00958395
demandEstimation: [17:10:00,17:15:00]	0.000246048
initializeSupplyModule: [17:10:00,17:15:00]	0.0385489
simulateTraffic: [17:10:00,17:15:00]	0.701478
makeAssignmentMatrix: [17:10:00,17:15:00]	0.771556
demandEstimation: [17:10:00,17:15:00]	1216.87
initializeSupplyModule: [17:10:00,17:15:00]	0.041476
simulateTraffic: [17:10:00,17:15:00]	0.683293
