setLastTimeInfoReceived	0.000276089
initializeNetwork	5.60284e-05
updateTraffic	0.00242496
advanceTraffic	0.0335321
reportTraffic	0.00139189
updateTraffic	0.00127506
updateGuidanceTableByDensity	9.53674e-07
advanceTraffic	0.048739
reportTraffic	0.00130391
updateTraffic	0.00122499
updateGuidanceTableByDensity	9.53674e-07
advanceTraffic	0.065223
reportTraffic	0.00130391
updateTraffic	0.00126886
updateGuidanceTableByDensity	1.19209e-06
advanceTraffic	0.0854321
reportTraffic	0.00131989
updateTraffic	0.00131989
updateGuidanceTableByDensity	9.53674e-07
advanceTraffic	0.0887311
reportTraffic	0.00122499
updateTraffic	0.00126004
updateGuidanceTableByDensity	1.19209e-06
setLastTimeInfoReceived	9.29832e-05
initializeNetwork	6.19888e-05
updateTraffic	0.00290585
advanceTraffic	0.0210249
reportTraffic	0.00114799
updateTraffic	0.0011282
updateGuidanceTableByDensity	0
advanceTraffic	0.0180981
reportTraffic	0.000913858
updateTraffic	0.000994205
updateGuidanceTableByDensity	0
advanceTraffic	0.0223022
reportTraffic	0.00091815
updateTraffic	0.00100994
updateGuidanceTableByDensity	0
advanceTraffic	0.028163
reportTraffic	0.000906944
updateTraffic	0.00101495
updateGuidanceTableByDensity	0
advanceTraffic	0.0362251
reportTraffic	0.000905991
updateTraffic	0.00103998
updateGuidanceTableByDensity	9.53674e-07
setLastTimeInfoReceived	0.000551939
initializeNetwork	6.98566e-05
updateTraffic	0.00328493
advanceTraffic	0.052007
reportTraffic	0.00108218
updateTraffic	0.00120401
updateGuidanceTableByDensity	1.19209e-06
advanceTraffic	0.0537109
reportTraffic	0.00102997
updateTraffic	0.00116897
updateGuidanceTableByDensity	0
advanceTraffic	0.0576909
reportTraffic	0.00102782
updateTraffic	0.00116587
updateGuidanceTableByDensity	9.53674e-07
advanceTraffic	0.062186
reportTraffic	0.00102711
updateTraffic	0.00117993
updateGuidanceTableByDensity	9.53674e-07
advanceTraffic	0.0662591
reportTraffic	0.00128198
updateTraffic	0.00119185
updateGuidanceTableByDensity	9.53674e-07
advanceTraffic	0.0700331
reportTraffic	0.00126696
updateTraffic	0.00122213
updateGuidanceTableByDensity	9.53674e-07
advanceTraffic	0.072094
reportTraffic	0.00119901
updateTraffic	0.00114894
updateGuidanceTableByDensity	1.19209e-06
advanceTraffic	0.0721729
reportTraffic	0.00120306
updateTraffic	0.00115919
updateGuidanceTableByDensity	9.53674e-07
advanceTraffic	0.074676
reportTraffic	0.00113392
updateTraffic	0.00111103
updateGuidanceTableByDensity	9.53674e-07
advanceTraffic	0.0730779
reportTraffic	0.00115681
updateTraffic	0.00111198
updateGuidanceTableByDensity	1.19209e-06
advanceTraffic	0.0755579
reportTraffic	0.00113893
updateTraffic	0.00114202
updateGuidanceTableByDensity	9.53674e-07
advanceTraffic	0.0777011
reportTraffic	0.00113297
updateTraffic	0.00115013
updateGuidanceTableByDensity	9.53674e-07
advanceTraffic	0.0802839
reportTraffic	0.00123191
updateTraffic	0.00116086
updateGuidanceTableByDensity	1.19209e-06
advanceTraffic	0.099093
reportTraffic	0.00140095
updateTraffic	0.00149083
updateGuidanceTableByDensity	9.53674e-07
advanceTraffic	0.127292
reportTraffic	0.00194097
updateTraffic	0.00276709
updateGuidanceTableByDensity	9.53674e-07
setLastTimeInfoReceived	0.000524998
initializeNetwork	5.29289e-05
updateTraffic	0.00240517
advanceTraffic	0.053678
reportTraffic	0.00109386
updateTraffic	0.00121498
updateGuidanceTableByDensity	9.53674e-07
advanceTraffic	0.0587389
reportTraffic	0.00108504
updateTraffic	0.0011971
updateGuidanceTableByDensity	9.53674e-07
advanceTraffic	0.055861
reportTraffic	0.00103593
updateTraffic	0.00113893
updateGuidanceTableByDensity	9.53674e-07
advanceTraffic	0.0601461
reportTraffic	0.00101709
updateTraffic	0.00114894
updateGuidanceTableByDensity	9.53674e-07
advanceTraffic	0.063359
reportTraffic	0.00102687
updateTraffic	0.00115395
updateGuidanceTableByDensity	9.53674e-07
advanceTraffic	0.066186
reportTraffic	0.000991106
updateTraffic	0.00114107
updateGuidanceTableByDensity	1.19209e-06
advanceTraffic	0.0663159
reportTraffic	0.000930071
updateTraffic	0.00109601
updateGuidanceTableByDensity	9.53674e-07
advanceTraffic	0.066783
reportTraffic	0.000930071
updateTraffic	0.00109982
updateGuidanceTableByDensity	1.19209e-06
advanceTraffic	0.0696461
reportTraffic	0.000981092
updateTraffic	0.00112605
updateGuidanceTableByDensity	1.19209e-06
advanceTraffic	0.0719121
reportTraffic	0.000931025
updateTraffic	0.001122
updateGuidanceTableByDensity	0
advanceTraffic	0.0738528
reportTraffic	0.000931025
updateTraffic	0.00113201
updateGuidanceTableByDensity	9.53674e-07
advanceTraffic	0.0761731
reportTraffic	0.000931025
updateTraffic	0.00114083
updateGuidanceTableByDensity	9.53674e-07
advanceTraffic	0.0788481
reportTraffic	0.000929832
updateTraffic	0.00114894
updateGuidanceTableByDensity	0
advanceTraffic	0.08073
reportTraffic	0.000928164
updateTraffic	0.00114799
updateGuidanceTableByDensity	9.53674e-07
advanceTraffic	0.0817552
reportTraffic	0.000931978
updateTraffic	0.00115085
updateGuidanceTableByDensity	0
setLastTimeInfoReceived	0.000384092
initializeNetwork	5.6982e-05
updateTraffic	0.00301719
advanceTraffic	0.0548139
reportTraffic	0.00113702
updateTraffic	0.00120497
updateGuidanceTableByDensity	9.53674e-07
advanceTraffic	0.0657532
reportTraffic	0.00101614
updateTraffic	0.00119805
updateGuidanceTableByDensity	9.53674e-07
advanceTraffic	0.076685
reportTraffic	0.00100684
updateTraffic	0.00121999
updateGuidanceTableByDensity	0
advanceTraffic	0.088052
reportTraffic	0.00102592
updateTraffic	0.00127411
updateGuidanceTableByDensity	9.53674e-07
advanceTraffic	0.0987868
reportTraffic	0.00100708
updateTraffic	0.00129509
updateGuidanceTableByDensity	1.19209e-06
setLastTimeInfoReceived	0.000226021
initializeNetwork	6.00815e-05
updateTraffic	0.00270295
advanceTraffic	0.0536029
reportTraffic	0.00119209
updateTraffic	0.00122499
updateGuidanceTableByDensity	9.53674e-07
advanceTraffic	0.0452631
reportTraffic	0.00107312
updateTraffic	0.00114107
updateGuidanceTableByDensity	9.53674e-07
advanceTraffic	0.052398
reportTraffic	0.00102496
updateTraffic	0.00112486
updateGuidanceTableByDensity	9.53674e-07
advanceTraffic	0.046567
reportTraffic	0.000959873
updateTraffic	0.00107789
updateGuidanceTableByDensity	9.53674e-07
advanceTraffic	0.051796
reportTraffic	0.0013721
updateTraffic	0.00219607
updateGuidanceTableByDensity	9.53674e-07
setLastTimeInfoReceived	0.000616074
initializeNetwork	5.50747e-05
updateTraffic	0.00264716
advanceTraffic	0.0780659
reportTraffic	0.0019021
updateTraffic	0.00282812
updateGuidanceTableByDensity	9.53674e-07
advanceTraffic	0.071903
reportTraffic	0.00189805
updateTraffic	0.00212789
updateGuidanceTableByDensity	9.53674e-07
advanceTraffic	0.080641
reportTraffic	0.00218892
updateTraffic	0.00286412
updateGuidanceTableByDensity	2.14577e-06
advanceTraffic	0.109387
reportTraffic	0.00149584
updateTraffic	0.00221491
updateGuidanceTableByDensity	9.53674e-07
advanceTraffic	0.106177
reportTraffic	0.00148988
updateTraffic	0.00240207
updateGuidanceTableByDensity	9.53674e-07
advanceTraffic	0.091886
reportTraffic	0.00115204
updateTraffic	0.0012641
updateGuidanceTableByDensity	9.53674e-07
advanceTraffic	0.0752461
reportTraffic	0.00114489
updateTraffic	0.0012691
updateGuidanceTableByDensity	9.53674e-07
advanceTraffic	0.0841198
reportTraffic	0.00127888
updateTraffic	0.0016849
updateGuidanceTableByDensity	9.53674e-07
advanceTraffic	0.0891771
reportTraffic	0.00139809
updateTraffic	0.00193596
updateGuidanceTableByDensity	9.53674e-07
advanceTraffic	0.0915191
reportTraffic	0.00112891
updateTraffic	0.00126791
updateGuidanceTableByDensity	9.53674e-07
advanceTraffic	0.0806689
reportTraffic	0.00100684
updateTraffic	0.00115085
updateGuidanceTableByDensity	0
advanceTraffic	0.081851
reportTraffic	0.00100994
updateTraffic	0.00116301
updateGuidanceTableByDensity	9.53674e-07
advanceTraffic	0.087858
reportTraffic	0.00117207
updateTraffic	0.001966
updateGuidanceTableByDensity	1.19209e-06
advanceTraffic	0.133971
reportTraffic	0.00222516
updateTraffic	0.00298214
updateGuidanceTableByDensity	9.53674e-07
advanceTraffic	0.093899
reportTraffic	0.00154495
updateTraffic	0.00244403
updateGuidanceTableByDensity	1.19209e-06
setLastTimeInfoReceived	0.000777006
initializeNetwork	5.6982e-05
updateTraffic	0.00350904
advanceTraffic	0.059114
reportTraffic	0.001055
updateTraffic	0.00112987
updateGuidanceTableByDensity	9.53674e-07
advanceTraffic	0.0694511
reportTraffic	0.00124407
updateTraffic	0.00134516
updateGuidanceTableByDensity	9.53674e-07
advanceTraffic	0.069721
reportTraffic	0.00108695
updateTraffic	0.00122309
updateGuidanceTableByDensity	9.53674e-07
advanceTraffic	0.0696878
reportTraffic	0.00108004
updateTraffic	0.00129509
updateGuidanceTableByDensity	1.19209e-06
advanceTraffic	0.080169
reportTraffic	0.00115705
updateTraffic	0.00150013
updateGuidanceTableByDensity	9.53674e-07
advanceTraffic	0.093179
reportTraffic	0.00157595
updateTraffic	0.00254798
updateGuidanceTableByDensity	1.19209e-06
advanceTraffic	0.102875
reportTraffic	0.00117898
updateTraffic	0.00156808
updateGuidanceTableByDensity	9.53674e-07
advanceTraffic	0.086812
reportTraffic	0.00133419
updateTraffic	0.00230408
updateGuidanceTableByDensity	1.19209e-06
advanceTraffic	0.097024
reportTraffic	0.00140405
updateTraffic	0.00206685
updateGuidanceTableByDensity	9.53674e-07
advanceTraffic	0.0883131
reportTraffic	0.0010581
updateTraffic	0.00124192
updateGuidanceTableByDensity	9.53674e-07
advanceTraffic	0.0799861
reportTraffic	0.000952005
updateTraffic	0.00116611
updateGuidanceTableByDensity	9.53674e-07
advanceTraffic	0.116619
reportTraffic	0.00152588
updateTraffic	0.00243306
updateGuidanceTableByDensity	9.53674e-07
advanceTraffic	0.144147
reportTraffic	0.00121713
updateTraffic	0.00184512
updateGuidanceTableByDensity	0
advanceTraffic	0.135394
reportTraffic	0.00148821
updateTraffic	0.00292706
updateGuidanceTableByDensity	2.14577e-06
advanceTraffic	0.110832
reportTraffic	0.000993967
updateTraffic	0.00128412
updateGuidanceTableByDensity	2.14577e-06
setLastTimeInfoReceived	0.000647068
initializeNetwork	6.31809e-05
updateTraffic	0.00311899
advanceTraffic	0.0963931
reportTraffic	0.00169396
updateTraffic	0.00286913
updateGuidanceTableByDensity	1.19209e-06
advanceTraffic	0.108642
reportTraffic	0.00217009
updateTraffic	0.00262809
updateGuidanceTableByDensity	1.19209e-06
advanceTraffic	0.126044
reportTraffic	0.00167108
updateTraffic	0.00236893
updateGuidanceTableByDensity	1.19209e-06
advanceTraffic	0.118421
reportTraffic	0.00114202
updateTraffic	0.00146413
updateGuidanceTableByDensity	1.19209e-06
advanceTraffic	0.137475
reportTraffic	0.00170588
updateTraffic	0.00276518
updateGuidanceTableByDensity	9.53674e-07
setLastTimeInfoReceived	0.000633001
initializeNetwork	6.58035e-05
updateTraffic	0.00300312
advanceTraffic	0.0979779
reportTraffic	0.00168586
updateTraffic	0.002388
updateGuidanceTableByDensity	9.53674e-07
advanceTraffic	0.104428
reportTraffic	0.00152993
updateTraffic	0.00207901
updateGuidanceTableByDensity	2.14577e-06
advanceTraffic	0.110038
reportTraffic	0.001544
updateTraffic	0.00237489
updateGuidanceTableByDensity	9.53674e-07
advanceTraffic	0.151674
reportTraffic	0.00145602
updateTraffic	0.00227404
updateGuidanceTableByDensity	1.19209e-06
advanceTraffic	0.142481
reportTraffic	0.00131989
updateTraffic	0.0018971
updateGuidanceTableByDensity	9.53674e-07
setLastTimeInfoReceived	0.00112891
initializeNetwork	5.38826e-05
updateTraffic	0.00280499
advanceTraffic	0.109912
reportTraffic	0.00107813
updateTraffic	0.00131798
updateGuidanceTableByDensity	9.53674e-07
advanceTraffic	0.103131
reportTraffic	0.00105906
updateTraffic	0.00129414
updateGuidanceTableByDensity	9.53674e-07
advanceTraffic	0.129415
reportTraffic	0.00112391
updateTraffic	0.00146389
updateGuidanceTableByDensity	1.19209e-06
advanceTraffic	0.112552
reportTraffic	0.00110197
updateTraffic	0.00131512
updateGuidanceTableByDensity	9.53674e-07
advanceTraffic	0.11856
reportTraffic	0.00133896
updateTraffic	0.00203896
updateGuidanceTableByDensity	9.53674e-07
advanceTraffic	0.131549
reportTraffic	0.00105691
updateTraffic	0.00130391
updateGuidanceTableByDensity	1.19209e-06
advanceTraffic	0.121724
reportTraffic	0.0010469
updateTraffic	0.00130892
updateGuidanceTableByDensity	1.19209e-06
advanceTraffic	0.125451
reportTraffic	0.0010469
updateTraffic	0.00130606
updateGuidanceTableByDensity	9.53674e-07
advanceTraffic	0.1424
reportTraffic	0.00159621
updateTraffic	0.00208402
updateGuidanceTableByDensity	9.53674e-07
advanceTraffic	0.135365
reportTraffic	0.0011909
updateTraffic	0.00139999
updateGuidanceTableByDensity	9.53674e-07
advanceTraffic	0.135438
reportTraffic	0.00118709
updateTraffic	0.00133181
updateGuidanceTableByDensity	9.53674e-07
advanceTraffic	0.136321
reportTraffic	0.0011909
updateTraffic	0.00134206
updateGuidanceTableByDensity	9.53674e-07
advanceTraffic	0.137016
reportTraffic	0.00119305
updateTraffic	0.00133801
updateGuidanceTableByDensity	1.19209e-06
advanceTraffic	0.163779
reportTraffic	0.00131488
updateTraffic	0.00143695
updateGuidanceTableByDensity	9.53674e-07
advanceTraffic	0.152641
reportTraffic	0.00133991
updateTraffic	0.00141597
updateGuidanceTableByDensity	1.19209e-06
setLastTimeInfoReceived	0.00109005
initializeNetwork	5.57899e-05
updateTraffic	0.00313711
advanceTraffic	0.121284
reportTraffic	0.00115919
updateTraffic	0.00130391
updateGuidanceTableByDensity	9.53674e-07
advanceTraffic	0.104503
reportTraffic	0.00102997
updateTraffic	0.00132108
updateGuidanceTableByDensity	9.53674e-07
advanceTraffic	0.127149
reportTraffic	0.00109315
updateTraffic	0.00145197
updateGuidanceTableByDensity	9.53674e-07
advanceTraffic	0.119763
reportTraffic	0.00102782
updateTraffic	0.00133586
updateGuidanceTableByDensity	9.53674e-07
advanceTraffic	0.117297
reportTraffic	0.000981092
updateTraffic	0.00131893
updateGuidanceTableByDensity	9.53674e-07
advanceTraffic	0.134447
reportTraffic	0.00104284
updateTraffic	0.0014019
updateGuidanceTableByDensity	9.53674e-07
advanceTraffic	0.124874
reportTraffic	0.000976086
updateTraffic	0.00133204
updateGuidanceTableByDensity	1.19209e-06
advanceTraffic	0.133713
reportTraffic	0.00110793
updateTraffic	0.00174403
updateGuidanceTableByDensity	9.53674e-07
advanceTraffic	0.184132
reportTraffic	0.00245094
updateTraffic	0.00328994
updateGuidanceTableByDensity	9.53674e-07
advanceTraffic	0.161098
reportTraffic	0.00139213
updateTraffic	0.00235105
updateGuidanceTableByDensity	9.53674e-07
advanceTraffic	0.170796
reportTraffic	0.00112891
updateTraffic	0.00152183
updateGuidanceTableByDensity	9.53674e-07
advanceTraffic	0.190215
reportTraffic	0.00177908
updateTraffic	0.0032661
updateGuidanceTableByDensity	9.53674e-07
advanceTraffic	0.145198
reportTraffic	0.00104904
updateTraffic	0.001441
updateGuidanceTableByDensity	2.14577e-06
advanceTraffic	0.14484
reportTraffic	0.00104189
updateTraffic	0.00146508
updateGuidanceTableByDensity	9.53674e-07
advanceTraffic	0.146229
reportTraffic	0.00101209
updateTraffic	0.00151896
updateGuidanceTableByDensity	9.53674e-07
